<?xml version="1.0" encoding="UTF-8"?>
<!-- Generated by org.testng.reporters.JUnitReportReporter -->
<testsuite hostname="DESKTOP-8CNA17E" failures="0" tests="3" name="DynamicJason_4" time="4.453" errors="0" timestamp="2022-03-24T01:01:03 IST" skipped="0">
  <testcase classname="DynamicJason_4" name="addBook" time="3.510"/>
  <system-out/>
  <testcase classname="DynamicJason_4" name="addBook" time="0.459"/>
  <system-out/>
  <testcase classname="DynamicJason_4" name="addBook" time="0.484"/>
  <system-out/>
</testsuite> <!-- DynamicJason_4 -->
